<?xml version="1.0" encoding="utf-8"?>
<!DOCTYPE coverage SYSTEM "http://cobertura.sourceforge.net/xml/coverage-04.dtd">
<coverage line-rate="0.7062937062937062" branch-rate="0.6363636363636364" lines-covered="404" lines-valid="572" branches-covered="56" branches-valid="88" complexity="129" version="0" timestamp="1772168418">
  <sources>
    <source>/home/runner/work/LOCKnet/LOCKnet/src/</source>
    <source>/home/runner/work/LOCKnet/LOCKnet/src/LOCKnet.Core/</source>
  </sources>
  <packages>
    <package name="LOCKnet.Core" line-rate="0.9807692307692307" branch-rate="0.9333333333333333" complexity="88">
      <classes>
        <class name="LOCKnet.Core.Crypto.AesGcmEncryptionService" filename="/home/runner/work/LOCKnet/LOCKnet/src/LOCKnet.Core/Crypto/AesGcmEncryptionService.cs" line-rate="0.96875" branch-rate="0.8333333333333334" complexity="6">
          <methods>
            <method name="Encrypt" signature="(System.Byte[],System.Byte[])" line-rate="1" branch-rate="1" complexity="2">
              <lines>
                <line number="19" hits="20" branch="false" />
                <line number="20" hits="20" branch="false" />
                <line number="21" hits="19" branch="false" />
                <line number="22" hits="19" branch="true" condition-coverage="100% (2/2)" />
                <line number="23" hits="1" branch="false" />
                <line number="25" hits="18" branch="false" />
                <line number="26" hits="18" branch="false" />
                <line number="27" hits="18" branch="false" />
                <line number="29" hits="18" branch="false" />
                <line number="30" hits="18" branch="false" />
                <line number="33" hits="18" branch="false" />
                <line number="34" hits="18" branch="false" />
                <line number="35" hits="18" branch="false" />
                <line number="36" hits="18" branch="false" />
                <line number="38" hits="18" branch="false" />
                <line number="39" hits="18" branch="false" />
              </lines>
            </method>
            <method name="Decrypt" signature="(System.Byte[],System.Byte[])" line-rate="0.9375" branch-rate="0.75" complexity="4">
              <lines>
                <line number="43" hits="11" branch="false" />
                <line number="44" hits="11" branch="false" />
                <line number="45" hits="10" branch="false" />
                <line number="47" hits="10" branch="true" condition-coverage="50% (1/2)" />
                <line number="48" hits="0" branch="false" />
                <line number="50" hits="10" branch="true" condition-coverage="100% (2/2)" />
                <line number="51" hits="1" branch="false" />
                <line number="52" hits="1" branch="false" />
                <line number="55" hits="9" branch="false" />
                <line number="56" hits="9" branch="false" />
                <line number="57" hits="9" branch="false" />
                <line number="59" hits="9" branch="false" />
                <line number="61" hits="9" branch="false" />
                <line number="63" hits="9" branch="false" />
                <line number="65" hits="5" branch="false" />
                <line number="66" hits="5" branch="false" />
              </lines>
            </method>
          </methods>
          <lines>
            <line number="19" hits="20" branch="false" />
            <line number="20" hits="20" branch="false" />
            <line number="21" hits="19" branch="false" />
            <line number="22" hits="19" branch="true" condition-coverage="100% (2/2)" />
            <line number="23" hits="1" branch="false" />
            <line number="25" hits="18" branch="false" />
            <line number="26" hits="18" branch="false" />
            <line number="27" hits="18" branch="false" />
            <line number="29" hits="18" branch="false" />
            <line number="30" hits="18" branch="false" />
            <line number="33" hits="18" branch="false" />
            <line number="34" hits="18" branch="false" />
            <line number="35" hits="18" branch="false" />
            <line number="36" hits="18" branch="false" />
            <line number="38" hits="18" branch="false" />
            <line number="39" hits="18" branch="false" />
            <line number="43" hits="11" branch="false" />
            <line number="44" hits="11" branch="false" />
            <line number="45" hits="10" branch="false" />
            <line number="47" hits="10" branch="true" condition-coverage="50% (1/2)" />
            <line number="48" hits="0" branch="false" />
            <line number="50" hits="10" branch="true" condition-coverage="100% (2/2)" />
            <line number="51" hits="1" branch="false" />
            <line number="52" hits="1" branch="false" />
            <line number="55" hits="9" branch="false" />
            <line number="56" hits="9" branch="false" />
            <line number="57" hits="9" branch="false" />
            <line number="59" hits="9" branch="false" />
            <line number="61" hits="9" branch="false" />
            <line number="63" hits="9" branch="false" />
            <line number="65" hits="5" branch="false" />
            <line number="66" hits="5" branch="false" />
          </lines>
        </class>
        <class name="LOCKnet.Core.Crypto.Pbkdf2KeyDerivationService" filename="/home/runner/work/LOCKnet/LOCKnet/src/LOCKnet.Core/Crypto/Pbkdf2KeyDerivationService.cs" line-rate="1" branch-rate="1" complexity="4">
          <methods>
            <method name="GenerateSalt" signature="(System.Int32)" line-rate="1" branch-rate="1" complexity="1">
              <lines>
                <line number="22" hits="29" branch="false" />
                <line number="23" hits="29" branch="false" />
                <line number="24" hits="28" branch="false" />
                <line number="25" hits="28" branch="false" />
              </lines>
            </method>
            <method name="DeriveKey" signature="(System.Byte[],System.Byte[])" line-rate="1" branch-rate="1" complexity="1">
              <lines>
                <line number="29" hits="12" branch="false" />
                <line number="30" hits="12" branch="false" />
                <line number="31" hits="12" branch="false" />
                <line number="33" hits="12" branch="false" />
                <line number="34" hits="12" branch="false" />
                <line number="35" hits="12" branch="false" />
                <line number="36" hits="12" branch="false" />
                <line number="37" hits="12" branch="false" />
                <line number="38" hits="12" branch="false" />
                <line number="39" hits="12" branch="false" />
              </lines>
            </method>
            <method name="ComputePasswordHash" signature="(System.Byte[],System.Byte[])" line-rate="1" branch-rate="1" complexity="1">
              <lines>
                <line number="43" hits="29" branch="false" />
                <line number="44" hits="29" branch="false" />
                <line number="45" hits="29" branch="false" />
                <line number="49" hits="29" branch="false" />
                <line number="50" hits="29" branch="false" />
                <line number="51" hits="29" branch="false" />
                <line number="53" hits="29" branch="false" />
                <line number="54" hits="29" branch="false" />
                <line number="55" hits="29" branch="false" />
                <line number="56" hits="29" branch="false" />
                <line number="57" hits="29" branch="false" />
                <line number="58" hits="29" branch="false" />
                <line number="59" hits="29" branch="false" />
              </lines>
            </method>
            <method name="VerifyPassword" signature="(System.Byte[],System.Byte[],System.Byte[])" line-rate="1" branch-rate="1" complexity="1">
              <lines>
                <line number="63" hits="12" branch="false" />
                <line number="64" hits="12" branch="false" />
                <line number="65" hits="12" branch="false" />
                <line number="66" hits="12" branch="false" />
                <line number="68" hits="12" branch="false" />
                <line number="69" hits="12" branch="false" />
                <line number="70" hits="12" branch="false" />
              </lines>
            </method>
          </methods>
          <lines>
            <line number="22" hits="29" branch="false" />
            <line number="23" hits="29" branch="false" />
            <line number="24" hits="28" branch="false" />
            <line number="25" hits="28" branch="false" />
            <line number="29" hits="12" branch="false" />
            <line number="30" hits="12" branch="false" />
            <line number="31" hits="12" branch="false" />
            <line number="33" hits="12" branch="false" />
            <line number="34" hits="12" branch="false" />
            <line number="35" hits="12" branch="false" />
            <line number="36" hits="12" branch="false" />
            <line number="37" hits="12" branch="false" />
            <line number="38" hits="12" branch="false" />
            <line number="39" hits="12" branch="false" />
            <line number="43" hits="29" branch="false" />
            <line number="44" hits="29" branch="false" />
            <line number="45" hits="29" branch="false" />
            <line number="49" hits="29" branch="false" />
            <line number="50" hits="29" branch="false" />
            <line number="51" hits="29" branch="false" />
            <line number="53" hits="29" branch="false" />
            <line number="54" hits="29" branch="false" />
            <line number="55" hits="29" branch="false" />
            <line number="56" hits="29" branch="false" />
            <line number="57" hits="29" branch="false" />
            <line number="58" hits="29" branch="false" />
            <line number="59" hits="29" branch="false" />
            <line number="63" hits="12" branch="false" />
            <line number="64" hits="12" branch="false" />
            <line number="65" hits="12" branch="false" />
            <line number="66" hits="12" branch="false" />
            <line number="68" hits="12" branch="false" />
            <line number="69" hits="12" branch="false" />
            <line number="70" hits="12" branch="false" />
          </lines>
        </class>
        <class name="LOCKnet.Core.Crypto.SecureStringService" filename="/home/runner/work/LOCKnet/LOCKnet/src/LOCKnet.Core/Crypto/SecureStringService.cs" line-rate="0.9069767441860465" branch-rate="1" complexity="10">
          <methods>
            <method name="ToByteArray" signature="(System.Security.SecureString)" line-rate="1" branch-rate="1" complexity="4">
              <lines>
                <line number="16" hits="36" branch="false" />
                <line number="17" hits="36" branch="false" />
                <line number="18" hits="35" branch="true" condition-coverage="100% (2/2)" />
                <line number="19" hits="1" branch="false" />
                <line number="23" hits="34" branch="false" />
                <line number="25" hits="34" branch="false" />
                <line number="26" hits="34" branch="false" />
                <line number="29" hits="34" branch="false" />
                <line number="30" hits="34" branch="false" />
                <line number="33" hits="34" branch="false" />
                <line number="36" hits="34" branch="false" />
                <line number="38" hits="34" branch="false" />
                <line number="41" hits="34" branch="false" />
                <line number="42" hits="34" branch="true" condition-coverage="100% (2/2)" />
                <line number="43" hits="34" branch="false" />
                <line number="44" hits="34" branch="false" />
                <line number="45" hits="35" branch="false" />
              </lines>
            </method>
            <method name="ZeroMemory" signature="(System.Byte[])" line-rate="1" branch-rate="1" complexity="4">
              <lines>
                <line number="49" hits="38" branch="false" />
                <line number="50" hits="38" branch="true" condition-coverage="100% (4/4)" />
                <line number="51" hits="36" branch="false" />
                <line number="52" hits="38" branch="false" />
              </lines>
            </method>
            <method name="FromByteArray" signature="(System.Byte[])" line-rate="0.8181818181818182" branch-rate="1" complexity="2">
              <lines>
                <line number="56" hits="6" branch="false" />
                <line number="57" hits="6" branch="false" />
                <line number="59" hits="5" branch="false" />
                <line number="61" hits="5" branch="false" />
                <line number="62" hits="5" branch="false" />
                <line number="64" hits="5" branch="false" />
                <line number="65" hits="137" branch="true" condition-coverage="100% (2/2)" />
                <line number="66" hits="61" branch="false" />
                <line number="67" hits="5" branch="false" />
                <line number="69" hits="5" branch="false" />
                <line number="70" hits="5" branch="false" />
                <line number="71" hits="5" branch="false" />
                <line number="73" hits="5" branch="false" />
                <line number="74" hits="5" branch="false" />
                <line number="76" hits="0" branch="false" />
                <line number="77" hits="0" branch="false" />
                <line number="78" hits="0" branch="false" />
                <line number="79" hits="0" branch="false" />
                <line number="82" hits="5" branch="false" />
                <line number="83" hits="5" branch="false" />
                <line number="84" hits="5" branch="false" />
                <line number="85" hits="5" branch="false" />
              </lines>
            </method>
          </methods>
          <lines>
            <line number="16" hits="36" branch="false" />
            <line number="17" hits="36" branch="false" />
            <line number="18" hits="35" branch="true" condition-coverage="100% (2/2)" />
            <line number="19" hits="1" branch="false" />
            <line number="23" hits="34" branch="false" />
            <line number="25" hits="34" branch="false" />
            <line number="26" hits="34" branch="false" />
            <line number="29" hits="34" branch="false" />
            <line number="30" hits="34" branch="false" />
            <line number="33" hits="34" branch="false" />
            <line number="36" hits="34" branch="false" />
            <line number="38" hits="34" branch="false" />
            <line number="41" hits="34" branch="false" />
            <line number="42" hits="34" branch="true" condition-coverage="100% (2/2)" />
            <line number="43" hits="34" branch="false" />
            <line number="44" hits="34" branch="false" />
            <line number="45" hits="35" branch="false" />
            <line number="49" hits="38" branch="false" />
            <line number="50" hits="38" branch="true" condition-coverage="100% (4/4)" />
            <line number="51" hits="36" branch="false" />
            <line number="52" hits="38" branch="false" />
            <line number="56" hits="6" branch="false" />
            <line number="57" hits="6" branch="false" />
            <line number="59" hits="5" branch="false" />
            <line number="61" hits="5" branch="false" />
            <line number="62" hits="5" branch="false" />
            <line number="64" hits="5" branch="false" />
            <line number="65" hits="137" branch="true" condition-coverage="100% (2/2)" />
            <line number="66" hits="61" branch="false" />
            <line number="67" hits="5" branch="false" />
            <line number="69" hits="5" branch="false" />
            <line number="70" hits="5" branch="false" />
            <line number="71" hits="5" branch="false" />
            <line number="73" hits="5" branch="false" />
            <line number="74" hits="5" branch="false" />
            <line number="76" hits="0" branch="false" />
            <line number="77" hits="0" branch="false" />
            <line number="78" hits="0" branch="false" />
            <line number="79" hits="0" branch="false" />
            <line number="82" hits="5" branch="false" />
            <line number="83" hits="5" branch="false" />
            <line number="84" hits="5" branch="false" />
            <line number="85" hits="5" branch="false" />
          </lines>
        </class>
        <class name="LOCKnet.Core.DataAbstractions.CredentialRecord" filename="/home/runner/work/LOCKnet/LOCKnet/src/LOCKnet.Core/DataAbstractions/CredentialRecord.cs" line-rate="1" branch-rate="1" complexity="8">
          <methods>
            <method name="get_Id" signature="()" line-rate="1" branch-rate="1" complexity="1">
              <lines>
                <line number="9" hits="24" branch="false" />
              </lines>
            </method>
            <method name="get_Title" signature="()" line-rate="1" branch-rate="1" complexity="1">
              <lines>
                <line number="10" hits="20" branch="false" />
              </lines>
            </method>
            <method name="get_Username" signature="()" line-rate="1" branch-rate="1" complexity="1">
              <lines>
                <line number="11" hits="10" branch="false" />
              </lines>
            </method>
            <method name="get_EncryptedPassword" signature="()" line-rate="1" branch-rate="1" complexity="1">
              <lines>
                <line number="12" hits="24" branch="false" />
              </lines>
            </method>
            <method name="get_Url" signature="()" line-rate="1" branch-rate="1" complexity="1">
              <lines>
                <line number="13" hits="9" branch="false" />
              </lines>
            </method>
            <method name="get_Notes" signature="()" line-rate="1" branch-rate="1" complexity="1">
              <lines>
                <line number="14" hits="9" branch="false" />
              </lines>
            </method>
            <method name="get_CreatedAt" signature="()" line-rate="1" branch-rate="1" complexity="1">
              <lines>
                <line number="15" hits="11" branch="false" />
              </lines>
            </method>
            <method name="get_UpdatedAt" signature="()" line-rate="1" branch-rate="1" complexity="1">
              <lines>
                <line number="16" hits="9" branch="false" />
              </lines>
            </method>
          </methods>
          <lines>
            <line number="9" hits="24" branch="false" />
            <line number="10" hits="20" branch="false" />
            <line number="11" hits="10" branch="false" />
            <line number="12" hits="24" branch="false" />
            <line number="13" hits="9" branch="false" />
            <line number="14" hits="9" branch="false" />
            <line number="15" hits="11" branch="false" />
            <line number="16" hits="9" branch="false" />
          </lines>
        </class>
        <class name="LOCKnet.Core.DataAbstractions.MasterKeyRecord" filename="/home/runner/work/LOCKnet/LOCKnet/src/LOCKnet.Core/DataAbstractions/MasterKeyRecord.cs" line-rate="1" branch-rate="1" complexity="4">
          <methods>
            <method name="get_PasswordHash" signature="()" line-rate="1" branch-rate="1" complexity="1">
              <lines>
                <line number="9" hits="32" branch="false" />
              </lines>
            </method>
            <method name="get_Salt" signature="()" line-rate="1" branch-rate="1" complexity="1">
              <lines>
                <line number="10" hits="36" branch="false" />
              </lines>
            </method>
            <method name="get_CreatedAt" signature="()" line-rate="1" branch-rate="1" complexity="1">
              <lines>
                <line number="11" hits="13" branch="false" />
              </lines>
            </method>
            <method name="get_UpdatedAt" signature="()" line-rate="1" branch-rate="1" complexity="1">
              <lines>
                <line number="12" hits="11" branch="false" />
              </lines>
            </method>
          </methods>
          <lines>
            <line number="9" hits="32" branch="false" />
            <line number="10" hits="36" branch="false" />
            <line number="11" hits="13" branch="false" />
            <line number="12" hits="11" branch="false" />
          </lines>
        </class>
        <class name="LOCKnet.Core.Security.ActivityMonitor" filename="/home/runner/work/LOCKnet/LOCKnet/src/LOCKnet.Core/Security/ActivityMonitor.cs" line-rate="0.9767441860465116" branch-rate="0.8888888888888888" complexity="21">
          <methods>
            <method name="get_Timeout" signature="()" line-rate="1" branch-rate="1" complexity="1">
              <lines>
                <line number="29" hits="1" branch="false" />
              </lines>
            </method>
            <method name="set_Timeout" signature="(System.TimeSpan)" line-rate="0.8571428571428571" branch-rate="0.75" complexity="4">
              <lines>
                <line number="31" hits="8" branch="false" />
                <line number="32" hits="8" branch="true" condition-coverage="100% (2/2)" />
                <line number="33" hits="2" branch="false" />
                <line number="34" hits="6" branch="false" />
                <line number="35" hits="6" branch="true" condition-coverage="50% (1/2)" />
                <line number="36" hits="0" branch="false" />
                <line number="37" hits="6" branch="false" />
              </lines>
            </method>
            <method name="get_IsRunning" signature="()" line-rate="1" branch-rate="1" complexity="1">
              <lines>
                <line number="41" hits="3" branch="false" />
              </lines>
            </method>
            <method name="Start" signature="()" line-rate="1" branch-rate="1" complexity="2">
              <lines>
                <line number="45" hits="8" branch="false" />
                <line number="46" hits="8" branch="false" />
                <line number="47" hits="8" branch="true" condition-coverage="100% (2/2)" />
                <line number="49" hits="6" branch="false" />
                <line number="50" hits="6" branch="false" />
                <line number="51" hits="7" branch="false" />
              </lines>
            </method>
            <method name="Stop" signature="()" line-rate="1" branch-rate="1" complexity="2">
              <lines>
                <line number="55" hits="13" branch="false" />
                <line number="56" hits="13" branch="false" />
                <line number="57" hits="13" branch="true" condition-coverage="100% (2/2)" />
                <line number="58" hits="13" branch="false" />
              </lines>
            </method>
            <method name="RecordActivity" signature="()" line-rate="1" branch-rate="1" complexity="2">
              <lines>
                <line number="62" hits="2" branch="false" />
                <line number="63" hits="2" branch="true" condition-coverage="100% (2/2)" />
                <line number="64" hits="2" branch="false" />
                <line number="65" hits="2" branch="false" />
              </lines>
            </method>
            <method name="ResetTimer" signature="()" line-rate="1" branch-rate="0.5" complexity="2">
              <lines>
                <line number="68" hits="2" branch="false" />
                <line number="69" hits="2" branch="true" condition-coverage="50% (1/2)" />
                <line number="70" hits="2" branch="false" />
              </lines>
            </method>
            <method name="OnTimeout" signature="(System.Object)" line-rate="1" branch-rate="1" complexity="2">
              <lines>
                <line number="73" hits="1" branch="false" />
                <line number="74" hits="1" branch="true" condition-coverage="100% (2/2)" />
                <line number="75" hits="1" branch="false" />
                <line number="76" hits="1" branch="false" />
              </lines>
            </method>
            <method name="Dispose" signature="()" line-rate="1" branch-rate="1" complexity="4">
              <lines>
                <line number="80" hits="12" branch="false" />
                <line number="81" hits="13" branch="true" condition-coverage="100% (2/2)" />
                <line number="82" hits="11" branch="false" />
                <line number="83" hits="11" branch="false" />
                <line number="84" hits="11" branch="true" condition-coverage="100% (2/2)" />
                <line number="85" hits="11" branch="false" />
                <line number="86" hits="12" branch="false" />
              </lines>
            </method>
            <method name=".ctor" signature="(LOCKnet.Core.Security.ISessionManager)" line-rate="1" branch-rate="1" complexity="1">
              <lines>
                <line number="12" hits="11" branch="false" />
                <line number="20" hits="11" branch="false" />
                <line number="21" hits="11" branch="false" />
                <line number="22" hits="11" branch="false" />
                <line number="23" hits="11" branch="false" />
                <line number="24" hits="11" branch="false" />
              </lines>
            </method>
          </methods>
          <lines>
            <line number="12" hits="11" branch="false" />
            <line number="20" hits="11" branch="false" />
            <line number="21" hits="11" branch="false" />
            <line number="22" hits="11" branch="false" />
            <line number="23" hits="11" branch="false" />
            <line number="24" hits="11" branch="false" />
            <line number="29" hits="1" branch="false" />
            <line number="31" hits="8" branch="false" />
            <line number="32" hits="8" branch="true" condition-coverage="100% (2/2)" />
            <line number="33" hits="2" branch="false" />
            <line number="34" hits="6" branch="false" />
            <line number="35" hits="6" branch="true" condition-coverage="50% (1/2)" />
            <line number="36" hits="0" branch="false" />
            <line number="37" hits="6" branch="false" />
            <line number="41" hits="3" branch="false" />
            <line number="45" hits="8" branch="false" />
            <line number="46" hits="8" branch="false" />
            <line number="47" hits="8" branch="true" condition-coverage="100% (2/2)" />
            <line number="49" hits="6" branch="false" />
            <line number="50" hits="6" branch="false" />
            <line number="51" hits="7" branch="false" />
            <line number="55" hits="13" branch="false" />
            <line number="56" hits="13" branch="false" />
            <line number="57" hits="13" branch="true" condition-coverage="100% (2/2)" />
            <line number="58" hits="13" branch="false" />
            <line number="62" hits="2" branch="false" />
            <line number="63" hits="2" branch="true" condition-coverage="100% (2/2)" />
            <line number="64" hits="2" branch="false" />
            <line number="65" hits="2" branch="false" />
            <line number="68" hits="2" branch="false" />
            <line number="69" hits="2" branch="true" condition-coverage="50% (1/2)" />
            <line number="70" hits="2" branch="false" />
            <line number="73" hits="1" branch="false" />
            <line number="74" hits="1" branch="true" condition-coverage="100% (2/2)" />
            <line number="75" hits="1" branch="false" />
            <line number="76" hits="1" branch="false" />
            <line number="80" hits="12" branch="false" />
            <line number="81" hits="13" branch="true" condition-coverage="100% (2/2)" />
            <line number="82" hits="11" branch="false" />
            <line number="83" hits="11" branch="false" />
            <line number="84" hits="11" branch="true" condition-coverage="100% (2/2)" />
            <line number="85" hits="11" branch="false" />
            <line number="86" hits="12" branch="false" />
          </lines>
        </class>
        <class name="LOCKnet.Core.Security.MasterKeyManager" filename="/home/runner/work/LOCKnet/LOCKnet/src/LOCKnet.Core/Security/MasterKeyManager.cs" line-rate="0.987012987012987" branch-rate="0.9" complexity="12">
          <methods>
            <method name="get_IsInitialized" signature="()" line-rate="1" branch-rate="1" complexity="1">
              <lines>
                <line number="37" hits="12" branch="false" />
              </lines>
            </method>
            <method name="Initialize" signature="(System.Security.SecureString)" line-rate="1" branch-rate="1" complexity="2">
              <lines>
                <line number="41" hits="10" branch="false" />
                <line number="42" hits="10" branch="false" />
                <line number="43" hits="10" branch="true" condition-coverage="100% (2/2)" />
                <line number="44" hits="1" branch="false" />
                <line number="46" hits="9" branch="false" />
                <line number="48" hits="9" branch="false" />
                <line number="49" hits="9" branch="false" />
                <line number="50" hits="9" branch="false" />
                <line number="52" hits="9" branch="false" />
                <line number="53" hits="9" branch="false" />
                <line number="54" hits="9" branch="false" />
                <line number="55" hits="9" branch="false" />
                <line number="56" hits="9" branch="false" />
                <line number="57" hits="9" branch="false" />
                <line number="58" hits="9" branch="false" />
                <line number="59" hits="9" branch="false" />
                <line number="61" hits="9" branch="false" />
                <line number="62" hits="9" branch="false" />
                <line number="63" hits="9" branch="false" />
                <line number="64" hits="9" branch="false" />
              </lines>
            </method>
            <method name="Unlock" signature="(System.Security.SecureString)" line-rate="1" branch-rate="1" complexity="4">
              <lines>
                <line number="68" hits="7" branch="false" />
                <line number="69" hits="7" branch="false" />
                <line number="71" hits="7" branch="false" />
                <line number="72" hits="7" branch="true" condition-coverage="100% (2/2)" />
                <line number="73" hits="1" branch="false" />
                <line number="75" hits="6" branch="false" />
                <line number="77" hits="6" branch="false" />
                <line number="78" hits="6" branch="true" condition-coverage="100% (2/2)" />
                <line number="79" hits="2" branch="false" />
                <line number="81" hits="4" branch="false" />
                <line number="84" hits="6" branch="false" />
                <line number="85" hits="6" branch="false" />
                <line number="86" hits="6" branch="false" />
                <line number="87" hits="6" branch="false" />
              </lines>
            </method>
            <method name="ChangePassword" signature="(System.Security.SecureString,System.Security.SecureString)" line-rate="0.9666666666666667" branch-rate="0.75" complexity="4">
              <lines>
                <line number="91" hits="3" branch="false" />
                <line number="92" hits="3" branch="false" />
                <line number="93" hits="3" branch="false" />
                <line number="95" hits="3" branch="false" />
                <line number="96" hits="3" branch="true" condition-coverage="50% (1/2)" />
                <line number="97" hits="0" branch="false" />
                <line number="99" hits="3" branch="false" />
                <line number="101" hits="3" branch="false" />
                <line number="102" hits="3" branch="true" condition-coverage="100% (2/2)" />
                <line number="103" hits="1" branch="false" />
                <line number="104" hits="2" branch="false" />
                <line number="106" hits="3" branch="false" />
                <line number="107" hits="3" branch="false" />
                <line number="108" hits="3" branch="false" />
                <line number="110" hits="2" branch="false" />
                <line number="112" hits="2" branch="false" />
                <line number="113" hits="2" branch="false" />
                <line number="114" hits="2" branch="false" />
                <line number="116" hits="2" branch="false" />
                <line number="117" hits="2" branch="false" />
                <line number="118" hits="2" branch="false" />
                <line number="119" hits="2" branch="false" />
                <line number="120" hits="2" branch="false" />
                <line number="121" hits="2" branch="false" />
                <line number="122" hits="2" branch="false" />
                <line number="123" hits="2" branch="false" />
                <line number="125" hits="2" branch="false" />
                <line number="126" hits="2" branch="false" />
                <line number="127" hits="2" branch="false" />
                <line number="128" hits="2" branch="false" />
              </lines>
            </method>
            <method name=".ctor" signature="(LOCKnet.Core.Crypto.IKeyDerivationService,LOCKnet.Core.DataAbstractions.IMasterKeyRepository,LOCKnet.Core.Crypto.ISecureStringService)" line-rate="1" branch-rate="1" complexity="1">
              <lines>
                <line number="23" hits="11" branch="false" />
                <line number="24" hits="11" branch="false" />
                <line number="25" hits="11" branch="false" />
                <line number="26" hits="11" branch="false" />
                <line number="27" hits="11" branch="false" />
                <line number="28" hits="11" branch="false" />
                <line number="29" hits="11" branch="false" />
                <line number="30" hits="11" branch="false" />
                <line number="31" hits="11" branch="false" />
                <line number="32" hits="11" branch="false" />
                <line number="33" hits="11" branch="false" />
                <line number="34" hits="11" branch="false" />
              </lines>
            </method>
          </methods>
          <lines>
            <line number="23" hits="11" branch="false" />
            <line number="24" hits="11" branch="false" />
            <line number="25" hits="11" branch="false" />
            <line number="26" hits="11" branch="false" />
            <line number="27" hits="11" branch="false" />
            <line number="28" hits="11" branch="false" />
            <line number="29" hits="11" branch="false" />
            <line number="30" hits="11" branch="false" />
            <line number="31" hits="11" branch="false" />
            <line number="32" hits="11" branch="false" />
            <line number="33" hits="11" branch="false" />
            <line number="34" hits="11" branch="false" />
            <line number="37" hits="12" branch="false" />
            <line number="41" hits="10" branch="false" />
            <line number="42" hits="10" branch="false" />
            <line number="43" hits="10" branch="true" condition-coverage="100% (2/2)" />
            <line number="44" hits="1" branch="false" />
            <line number="46" hits="9" branch="false" />
            <line number="48" hits="9" branch="false" />
            <line number="49" hits="9" branch="false" />
            <line number="50" hits="9" branch="false" />
            <line number="52" hits="9" branch="false" />
            <line number="53" hits="9" branch="false" />
            <line number="54" hits="9" branch="false" />
            <line number="55" hits="9" branch="false" />
            <line number="56" hits="9" branch="false" />
            <line number="57" hits="9" branch="false" />
            <line number="58" hits="9" branch="false" />
            <line number="59" hits="9" branch="false" />
            <line number="61" hits="9" branch="false" />
            <line number="62" hits="9" branch="false" />
            <line number="63" hits="9" branch="false" />
            <line number="64" hits="9" branch="false" />
            <line number="68" hits="7" branch="false" />
            <line number="69" hits="7" branch="false" />
            <line number="71" hits="7" branch="false" />
            <line number="72" hits="7" branch="true" condition-coverage="100% (2/2)" />
            <line number="73" hits="1" branch="false" />
            <line number="75" hits="6" branch="false" />
            <line number="77" hits="6" branch="false" />
            <line number="78" hits="6" branch="true" condition-coverage="100% (2/2)" />
            <line number="79" hits="2" branch="false" />
            <line number="81" hits="4" branch="false" />
            <line number="84" hits="6" branch="false" />
            <line number="85" hits="6" branch="false" />
            <line number="86" hits="6" branch="false" />
            <line number="87" hits="6" branch="false" />
            <line number="91" hits="3" branch="false" />
            <line number="92" hits="3" branch="false" />
            <line number="93" hits="3" branch="false" />
            <line number="95" hits="3" branch="false" />
            <line number="96" hits="3" branch="true" condition-coverage="50% (1/2)" />
            <line number="97" hits="0" branch="false" />
            <line number="99" hits="3" branch="false" />
            <line number="101" hits="3" branch="false" />
            <line number="102" hits="3" branch="true" condition-coverage="100% (2/2)" />
            <line number="103" hits="1" branch="false" />
            <line number="104" hits="2" branch="false" />
            <line number="106" hits="3" branch="false" />
            <line number="107" hits="3" branch="false" />
            <line number="108" hits="3" branch="false" />
            <line number="110" hits="2" branch="false" />
            <line number="112" hits="2" branch="false" />
            <line number="113" hits="2" branch="false" />
            <line number="114" hits="2" branch="false" />
            <line number="116" hits="2" branch="false" />
            <line number="117" hits="2" branch="false" />
            <line number="118" hits="2" branch="false" />
            <line number="119" hits="2" branch="false" />
            <line number="120" hits="2" branch="false" />
            <line number="121" hits="2" branch="false" />
            <line number="122" hits="2" branch="false" />
            <line number="123" hits="2" branch="false" />
            <line number="125" hits="2" branch="false" />
            <line number="126" hits="2" branch="false" />
            <line number="127" hits="2" branch="false" />
            <line number="128" hits="2" branch="false" />
          </lines>
        </class>
        <class name="LOCKnet.Core.Security.SessionManager" filename="/home/runner/work/LOCKnet/LOCKnet/src/LOCKnet.Core/Security/SessionManager.cs" line-rate="1" branch-rate="1" complexity="11">
          <methods>
            <method name="get_IsUnlocked" signature="()" line-rate="1" branch-rate="1" complexity="1">
              <lines>
                <line number="18" hits="6" branch="false" />
                <line number="19" hits="6" branch="false" />
                <line number="20" hits="6" branch="false" />
                <line number="21" hits="6" branch="false" />
              </lines>
            </method>
            <method name="GetSessionKey" signature="()" line-rate="1" branch-rate="1" complexity="1">
              <lines>
                <line number="29" hits="29" branch="false" />
                <line number="30" hits="29" branch="false" />
                <line number="31" hits="29" branch="false" />
                <line number="32" hits="29" branch="false" />
              </lines>
            </method>
            <method name="Open" signature="(System.Byte[])" line-rate="1" branch-rate="1" complexity="4">
              <lines>
                <line number="36" hits="21" branch="false" />
                <line number="37" hits="21" branch="false" />
                <line number="38" hits="20" branch="true" condition-coverage="100% (2/2)" />
                <line number="39" hits="1" branch="false" />
                <line number="41" hits="19" branch="false" />
                <line number="42" hits="19" branch="false" />
                <line number="44" hits="19" branch="true" condition-coverage="100% (2/2)" />
                <line number="45" hits="1" branch="false" />
                <line number="47" hits="19" branch="false" />
                <line number="48" hits="19" branch="false" />
                <line number="49" hits="19" branch="false" />
              </lines>
            </method>
            <method name="Lock" signature="()" line-rate="1" branch-rate="1" complexity="4">
              <lines>
                <line number="53" hits="7" branch="false" />
                <line number="54" hits="7" branch="false" />
                <line number="55" hits="7" branch="false" />
                <line number="56" hits="7" branch="true" condition-coverage="100% (2/2)" />
                <line number="57" hits="5" branch="false" />
                <line number="58" hits="5" branch="false" />
                <line number="59" hits="5" branch="false" />
                <line number="60" hits="5" branch="false" />
                <line number="61" hits="7" branch="false" />
                <line number="63" hits="7" branch="true" condition-coverage="100% (2/2)" />
                <line number="64" hits="7" branch="false" />
              </lines>
            </method>
            <method name=".ctor" signature="()" line-rate="1" branch-rate="1" complexity="1">
              <lines>
                <line number="11" hits="36" branch="false" />
              </lines>
            </method>
          </methods>
          <lines>
            <line number="11" hits="36" branch="false" />
            <line number="18" hits="6" branch="false" />
            <line number="19" hits="6" branch="false" />
            <line number="20" hits="6" branch="false" />
            <line number="21" hits="6" branch="false" />
            <line number="29" hits="29" branch="false" />
            <line number="30" hits="29" branch="false" />
            <line number="31" hits="29" branch="false" />
            <line number="32" hits="29" branch="false" />
            <line number="36" hits="21" branch="false" />
            <line number="37" hits="21" branch="false" />
            <line number="38" hits="20" branch="true" condition-coverage="100% (2/2)" />
            <line number="39" hits="1" branch="false" />
            <line number="41" hits="19" branch="false" />
            <line number="42" hits="19" branch="false" />
            <line number="44" hits="19" branch="true" condition-coverage="100% (2/2)" />
            <line number="45" hits="1" branch="false" />
            <line number="47" hits="19" branch="false" />
            <line number="48" hits="19" branch="false" />
            <line number="49" hits="19" branch="false" />
            <line number="53" hits="7" branch="false" />
            <line number="54" hits="7" branch="false" />
            <line number="55" hits="7" branch="false" />
            <line number="56" hits="7" branch="true" condition-coverage="100% (2/2)" />
            <line number="57" hits="5" branch="false" />
            <line number="58" hits="5" branch="false" />
            <line number="59" hits="5" branch="false" />
            <line number="60" hits="5" branch="false" />
            <line number="61" hits="7" branch="false" />
            <line number="63" hits="7" branch="true" condition-coverage="100% (2/2)" />
            <line number="64" hits="7" branch="false" />
          </lines>
        </class>
        <class name="LOCKnet.Core.Services.CredentialService" filename="/home/runner/work/LOCKnet/LOCKnet/src/LOCKnet.Core/Services/CredentialService.cs" line-rate="1" branch-rate="1" complexity="12">
          <methods>
            <method name="Add" signature="(System.String,System.String,System.Security.SecureString,System.String,System.String)" line-rate="1" branch-rate="1" complexity="1">
              <lines>
                <line number="42" hits="8" branch="false" />
                <line number="43" hits="8" branch="false" />
                <line number="44" hits="8" branch="false" />
                <line number="46" hits="8" branch="false" />
                <line number="47" hits="7" branch="false" />
                <line number="49" hits="7" branch="false" />
                <line number="50" hits="7" branch="false" />
                <line number="51" hits="7" branch="false" />
                <line number="52" hits="7" branch="false" />
                <line number="53" hits="7" branch="false" />
                <line number="54" hits="7" branch="false" />
                <line number="55" hits="7" branch="false" />
                <line number="56" hits="7" branch="false" />
                <line number="57" hits="7" branch="false" />
                <line number="58" hits="7" branch="false" />
                <line number="59" hits="7" branch="false" />
                <line number="60" hits="7" branch="false" />
                <line number="61" hits="7" branch="false" />
                <line number="63" hits="7" branch="false" />
                <line number="64" hits="7" branch="false" />
                <line number="65" hits="7" branch="false" />
                <line number="66" hits="7" branch="false" />
              </lines>
            </method>
            <method name="GetAll" signature="()" line-rate="1" branch-rate="1" complexity="1">
              <lines>
                <line number="70" hits="8" branch="false" />
                <line number="71" hits="8" branch="false" />
                <line number="72" hits="7" branch="false" />
                <line number="73" hits="7" branch="false" />
              </lines>
            </method>
            <method name="GetPassword" signature="(System.Int32)" line-rate="1" branch-rate="1" complexity="2">
              <lines>
                <line number="77" hits="5" branch="false" />
                <line number="78" hits="5" branch="false" />
                <line number="80" hits="3" branch="false" />
                <line number="81" hits="4" branch="true" condition-coverage="100% (2/2)" />
                <line number="83" hits="2" branch="false" />
                <line number="85" hits="2" branch="false" />
                <line number="86" hits="2" branch="false" />
                <line number="89" hits="2" branch="false" />
                <line number="90" hits="2" branch="false" />
                <line number="91" hits="2" branch="false" />
                <line number="92" hits="3" branch="false" />
              </lines>
            </method>
            <method name="Update" signature="(System.Int32,System.String,System.String,System.Security.SecureString,System.String,System.String)" line-rate="1" branch-rate="1" complexity="4">
              <lines>
                <line number="96" hits="3" branch="false" />
                <line number="97" hits="3" branch="false" />
                <line number="99" hits="3" branch="false" />
                <line number="101" hits="3" branch="true" condition-coverage="100% (2/2)" />
                <line number="102" hits="3" branch="false" />
                <line number="105" hits="2" branch="true" condition-coverage="100% (2/2)" />
                <line number="106" hits="1" branch="false" />
                <line number="107" hits="1" branch="false" />
                <line number="109" hits="1" branch="false" />
                <line number="110" hits="1" branch="false" />
                <line number="111" hits="1" branch="false" />
                <line number="113" hits="1" branch="false" />
                <line number="114" hits="1" branch="false" />
                <line number="115" hits="1" branch="false" />
                <line number="116" hits="1" branch="false" />
                <line number="118" hits="1" branch="false" />
                <line number="119" hits="1" branch="false" />
                <line number="120" hits="1" branch="false" />
                <line number="122" hits="2" branch="false" />
                <line number="123" hits="2" branch="false" />
                <line number="124" hits="2" branch="false" />
                <line number="125" hits="2" branch="false" />
                <line number="126" hits="2" branch="false" />
                <line number="127" hits="2" branch="false" />
                <line number="128" hits="2" branch="false" />
                <line number="129" hits="2" branch="false" />
                <line number="130" hits="2" branch="false" />
                <line number="131" hits="2" branch="false" />
                <line number="132" hits="2" branch="false" />
                <line number="133" hits="2" branch="false" />
              </lines>
            </method>
            <method name="Remove" signature="(System.Int32)" line-rate="1" branch-rate="1" complexity="1">
              <lines>
                <line number="137" hits="2" branch="false" />
                <line number="138" hits="2" branch="false" />
                <line number="139" hits="1" branch="false" />
                <line number="140" hits="1" branch="false" />
              </lines>
            </method>
            <method name="RequireSessionKey" signature="()" line-rate="1" branch-rate="1" complexity="2">
              <lines>
                <line number="145" hits="26" branch="false" />
                <line number="146" hits="26" branch="false" />
                <line number="147" hits="26" branch="true" condition-coverage="100% (2/2)" />
                <line number="148" hits="5" branch="false" />
                <line number="149" hits="21" branch="false" />
                <line number="150" hits="21" branch="false" />
              </lines>
            </method>
            <method name=".ctor" signature="(LOCKnet.Core.DataAbstractions.ICredentialRepository,LOCKnet.Core.Crypto.IEncryptionService,LOCKnet.Core.Security.ISessionManager,LOCKnet.Core.Crypto.ISecureStringService)" line-rate="1" branch-rate="1" complexity="1">
              <lines>
                <line number="24" hits="13" branch="false" />
                <line number="25" hits="13" branch="false" />
                <line number="26" hits="13" branch="false" />
                <line number="27" hits="13" branch="false" />
                <line number="28" hits="13" branch="false" />
                <line number="29" hits="13" branch="false" />
                <line number="30" hits="13" branch="false" />
                <line number="31" hits="13" branch="false" />
                <line number="32" hits="13" branch="false" />
                <line number="33" hits="13" branch="false" />
                <line number="34" hits="13" branch="false" />
                <line number="35" hits="13" branch="false" />
                <line number="36" hits="13" branch="false" />
                <line number="37" hits="13" branch="false" />
                <line number="38" hits="13" branch="false" />
              </lines>
            </method>
          </methods>
          <lines>
            <line number="24" hits="13" branch="false" />
            <line number="25" hits="13" branch="false" />
            <line number="26" hits="13" branch="false" />
            <line number="27" hits="13" branch="false" />
            <line number="28" hits="13" branch="false" />
            <line number="29" hits="13" branch="false" />
            <line number="30" hits="13" branch="false" />
            <line number="31" hits="13" branch="false" />
            <line number="32" hits="13" branch="false" />
            <line number="33" hits="13" branch="false" />
            <line number="34" hits="13" branch="false" />
            <line number="35" hits="13" branch="false" />
            <line number="36" hits="13" branch="false" />
            <line number="37" hits="13" branch="false" />
            <line number="38" hits="13" branch="false" />
            <line number="42" hits="8" branch="false" />
            <line number="43" hits="8" branch="false" />
            <line number="44" hits="8" branch="false" />
            <line number="46" hits="8" branch="false" />
            <line number="47" hits="7" branch="false" />
            <line number="49" hits="7" branch="false" />
            <line number="50" hits="7" branch="false" />
            <line number="51" hits="7" branch="false" />
            <line number="52" hits="7" branch="false" />
            <line number="53" hits="7" branch="false" />
            <line number="54" hits="7" branch="false" />
            <line number="55" hits="7" branch="false" />
            <line number="56" hits="7" branch="false" />
            <line number="57" hits="7" branch="false" />
            <line number="58" hits="7" branch="false" />
            <line number="59" hits="7" branch="false" />
            <line number="60" hits="7" branch="false" />
            <line number="61" hits="7" branch="false" />
            <line number="63" hits="7" branch="false" />
            <line number="64" hits="7" branch="false" />
            <line number="65" hits="7" branch="false" />
            <line number="66" hits="7" branch="false" />
            <line number="70" hits="8" branch="false" />
            <line number="71" hits="8" branch="false" />
            <line number="72" hits="7" branch="false" />
            <line number="73" hits="7" branch="false" />
            <line number="77" hits="5" branch="false" />
            <line number="78" hits="5" branch="false" />
            <line number="80" hits="3" branch="false" />
            <line number="81" hits="4" branch="true" condition-coverage="100% (2/2)" />
            <line number="83" hits="2" branch="false" />
            <line number="85" hits="2" branch="false" />
            <line number="86" hits="2" branch="false" />
            <line number="89" hits="2" branch="false" />
            <line number="90" hits="2" branch="false" />
            <line number="91" hits="2" branch="false" />
            <line number="92" hits="3" branch="false" />
            <line number="96" hits="3" branch="false" />
            <line number="97" hits="3" branch="false" />
            <line number="99" hits="3" branch="false" />
            <line number="101" hits="3" branch="true" condition-coverage="100% (2/2)" />
            <line number="102" hits="3" branch="false" />
            <line number="105" hits="2" branch="true" condition-coverage="100% (2/2)" />
            <line number="106" hits="1" branch="false" />
            <line number="107" hits="1" branch="false" />
            <line number="109" hits="1" branch="false" />
            <line number="110" hits="1" branch="false" />
            <line number="111" hits="1" branch="false" />
            <line number="113" hits="1" branch="false" />
            <line number="114" hits="1" branch="false" />
            <line number="115" hits="1" branch="false" />
            <line number="116" hits="1" branch="false" />
            <line number="118" hits="1" branch="false" />
            <line number="119" hits="1" branch="false" />
            <line number="120" hits="1" branch="false" />
            <line number="122" hits="2" branch="false" />
            <line number="123" hits="2" branch="false" />
            <line number="124" hits="2" branch="false" />
            <line number="125" hits="2" branch="false" />
            <line number="126" hits="2" branch="false" />
            <line number="127" hits="2" branch="false" />
            <line number="128" hits="2" branch="false" />
            <line number="129" hits="2" branch="false" />
            <line number="130" hits="2" branch="false" />
            <line number="131" hits="2" branch="false" />
            <line number="132" hits="2" branch="false" />
            <line number="133" hits="2" branch="false" />
            <line number="137" hits="2" branch="false" />
            <line number="138" hits="2" branch="false" />
            <line number="139" hits="1" branch="false" />
            <line number="140" hits="1" branch="false" />
            <line number="145" hits="26" branch="false" />
            <line number="146" hits="26" branch="false" />
            <line number="147" hits="26" branch="true" condition-coverage="100% (2/2)" />
            <line number="148" hits="5" branch="false" />
            <line number="149" hits="21" branch="false" />
            <line number="150" hits="21" branch="false" />
          </lines>
        </class>
      </classes>
    </package>
    <package name="LOCKnet.Data" line-rate="0.22596153846153846" branch-rate="0" complexity="41">
      <classes>
        <class name="LOCKnet.Data.Database" filename="/home/runner/work/LOCKnet/LOCKnet/src/LOCKnet.Data/Database.cs" line-rate="1" branch-rate="1" complexity="2">
          <methods>
            <method name="Initialize" signature="()" line-rate="1" branch-rate="1" complexity="1">
              <lines>
                <line number="15" hits="1" branch="false" />
                <line number="16" hits="1" branch="false" />
                <line number="17" hits="1" branch="false" />
                <line number="20" hits="1" branch="false" />
                <line number="21" hits="1" branch="false" />
                <line number="22" hits="1" branch="false" />
                <line number="23" hits="1" branch="false" />
                <line number="24" hits="1" branch="false" />
                <line number="25" hits="1" branch="false" />
                <line number="26" hits="1" branch="false" />
                <line number="27" hits="1" branch="false" />
                <line number="28" hits="1" branch="false" />
                <line number="29" hits="1" branch="false" />
                <line number="30" hits="1" branch="false" />
                <line number="31" hits="1" branch="false" />
                <line number="32" hits="1" branch="false" />
                <line number="33" hits="1" branch="false" />
                <line number="34" hits="1" branch="false" />
                <line number="37" hits="1" branch="false" />
                <line number="38" hits="1" branch="false" />
                <line number="39" hits="1" branch="false" />
                <line number="40" hits="1" branch="false" />
                <line number="41" hits="1" branch="false" />
                <line number="42" hits="1" branch="false" />
                <line number="43" hits="1" branch="false" />
                <line number="44" hits="1" branch="false" />
                <line number="45" hits="1" branch="false" />
                <line number="46" hits="1" branch="false" />
                <line number="47" hits="1" branch="false" />
                <line number="48" hits="1" branch="false" />
                <line number="51" hits="1" branch="false" />
                <line number="52" hits="1" branch="false" />
                <line number="53" hits="1" branch="false" />
                <line number="54" hits="1" branch="false" />
                <line number="55" hits="1" branch="false" />
                <line number="56" hits="1" branch="false" />
                <line number="57" hits="1" branch="false" />
                <line number="58" hits="1" branch="false" />
                <line number="59" hits="1" branch="false" />
                <line number="60" hits="1" branch="false" />
                <line number="61" hits="1" branch="false" />
                <line number="62" hits="1" branch="false" />
                <line number="63" hits="2" branch="false" />
              </lines>
            </method>
            <method name=".ctor" signature="(System.String)" line-rate="1" branch-rate="1" complexity="1">
              <lines>
                <line number="9" hits="1" branch="false" />
                <line number="10" hits="1" branch="false" />
                <line number="11" hits="1" branch="false" />
                <line number="12" hits="1" branch="false" />
              </lines>
            </method>
          </methods>
          <lines>
            <line number="9" hits="1" branch="false" />
            <line number="10" hits="1" branch="false" />
            <line number="11" hits="1" branch="false" />
            <line number="12" hits="1" branch="false" />
            <line number="15" hits="1" branch="false" />
            <line number="16" hits="1" branch="false" />
            <line number="17" hits="1" branch="false" />
            <line number="20" hits="1" branch="false" />
            <line number="21" hits="1" branch="false" />
            <line number="22" hits="1" branch="false" />
            <line number="23" hits="1" branch="false" />
            <line number="24" hits="1" branch="false" />
            <line number="25" hits="1" branch="false" />
            <line number="26" hits="1" branch="false" />
            <line number="27" hits="1" branch="false" />
            <line number="28" hits="1" branch="false" />
            <line number="29" hits="1" branch="false" />
            <line number="30" hits="1" branch="false" />
            <line number="31" hits="1" branch="false" />
            <line number="32" hits="1" branch="false" />
            <line number="33" hits="1" branch="false" />
            <line number="34" hits="1" branch="false" />
            <line number="37" hits="1" branch="false" />
            <line number="38" hits="1" branch="false" />
            <line number="39" hits="1" branch="false" />
            <line number="40" hits="1" branch="false" />
            <line number="41" hits="1" branch="false" />
            <line number="42" hits="1" branch="false" />
            <line number="43" hits="1" branch="false" />
            <line number="44" hits="1" branch="false" />
            <line number="45" hits="1" branch="false" />
            <line number="46" hits="1" branch="false" />
            <line number="47" hits="1" branch="false" />
            <line number="48" hits="1" branch="false" />
            <line number="51" hits="1" branch="false" />
            <line number="52" hits="1" branch="false" />
            <line number="53" hits="1" branch="false" />
            <line number="54" hits="1" branch="false" />
            <line number="55" hits="1" branch="false" />
            <line number="56" hits="1" branch="false" />
            <line number="57" hits="1" branch="false" />
            <line number="58" hits="1" branch="false" />
            <line number="59" hits="1" branch="false" />
            <line number="60" hits="1" branch="false" />
            <line number="61" hits="1" branch="false" />
            <line number="62" hits="1" branch="false" />
            <line number="63" hits="2" branch="false" />
          </lines>
        </class>
        <class name="LOCKnet.Data.Repositories.CredentialsRepository" filename="/home/runner/work/LOCKnet/LOCKnet/src/LOCKnet.Data/Repositories/CredentialsRepository.cs" line-rate="0" branch-rate="0" complexity="24">
          <methods>
            <method name="Add" signature="(LOCKnet.Core.DataAbstractions.CredentialRecord)" line-rate="0" branch-rate="0" complexity="6">
              <lines>
                <line number="17" hits="0" branch="false" />
                <line number="18" hits="0" branch="false" />
                <line number="19" hits="0" branch="false" />
                <line number="20" hits="0" branch="false" />
                <line number="21" hits="0" branch="false" />
                <line number="22" hits="0" branch="false" />
                <line number="24" hits="0" branch="false" />
                <line number="25" hits="0" branch="true" condition-coverage="0% (0/2)" />
                <line number="26" hits="0" branch="false" />
                <line number="27" hits="0" branch="true" condition-coverage="0% (0/2)" />
                <line number="28" hits="0" branch="true" condition-coverage="0% (0/2)" />
                <line number="30" hits="0" branch="false" />
                <line number="31" hits="0" branch="false" />
              </lines>
            </method>
            <method name="GetAll" signature="()" line-rate="0" branch-rate="0" complexity="2">
              <lines>
                <line number="35" hits="0" branch="false" />
                <line number="36" hits="0" branch="false" />
                <line number="37" hits="0" branch="false" />
                <line number="38" hits="0" branch="false" />
                <line number="39" hits="0" branch="false" />
                <line number="41" hits="0" branch="false" />
                <line number="42" hits="0" branch="true" condition-coverage="0% (0/2)" />
                <line number="43" hits="0" branch="false" />
                <line number="45" hits="0" branch="false" />
                <line number="46" hits="0" branch="false" />
              </lines>
            </method>
            <method name="GetById" signature="(System.Int32)" line-rate="0" branch-rate="0" complexity="2">
              <lines>
                <line number="50" hits="0" branch="false" />
                <line number="51" hits="0" branch="false" />
                <line number="52" hits="0" branch="false" />
                <line number="53" hits="0" branch="false" />
                <line number="54" hits="0" branch="false" />
                <line number="56" hits="0" branch="false" />
                <line number="57" hits="0" branch="true" condition-coverage="0% (0/2)" />
                <line number="58" hits="0" branch="false" />
              </lines>
            </method>
            <method name="Update" signature="(LOCKnet.Core.DataAbstractions.CredentialRecord)" line-rate="0" branch-rate="0" complexity="6">
              <lines>
                <line number="62" hits="0" branch="false" />
                <line number="63" hits="0" branch="false" />
                <line number="64" hits="0" branch="false" />
                <line number="65" hits="0" branch="false" />
                <line number="66" hits="0" branch="false" />
                <line number="67" hits="0" branch="false" />
                <line number="68" hits="0" branch="false" />
                <line number="69" hits="0" branch="false" />
                <line number="70" hits="0" branch="false" />
                <line number="71" hits="0" branch="false" />
                <line number="72" hits="0" branch="false" />
                <line number="73" hits="0" branch="false" />
                <line number="75" hits="0" branch="false" />
                <line number="76" hits="0" branch="false" />
                <line number="77" hits="0" branch="true" condition-coverage="0% (0/2)" />
                <line number="78" hits="0" branch="false" />
                <line number="79" hits="0" branch="true" condition-coverage="0% (0/2)" />
                <line number="80" hits="0" branch="true" condition-coverage="0% (0/2)" />
                <line number="82" hits="0" branch="false" />
                <line number="83" hits="0" branch="false" />
              </lines>
            </method>
            <method name="Remove" signature="(System.Int32)" line-rate="0" branch-rate="1" complexity="1">
              <lines>
                <line number="87" hits="0" branch="false" />
                <line number="88" hits="0" branch="false" />
                <line number="89" hits="0" branch="false" />
                <line number="90" hits="0" branch="false" />
                <line number="91" hits="0" branch="false" />
                <line number="92" hits="0" branch="false" />
                <line number="93" hits="0" branch="false" />
              </lines>
            </method>
            <method name="MapRecord" signature="(Microsoft.Data.Sqlite.SqliteDataReader)" line-rate="0" branch-rate="0" complexity="6">
              <lines>
                <line number="97" hits="0" branch="true" condition-coverage="0% (0/6)" />
                <line number="98" hits="0" branch="false" />
                <line number="99" hits="0" branch="false" />
                <line number="100" hits="0" branch="false" />
                <line number="101" hits="0" branch="false" />
                <line number="102" hits="0" branch="false" />
                <line number="103" hits="0" branch="false" />
                <line number="104" hits="0" branch="false" />
                <line number="105" hits="0" branch="false" />
                <line number="106" hits="0" branch="false" />
                <line number="107" hits="0" branch="false" />
              </lines>
            </method>
            <method name=".ctor" signature="(System.String)" line-rate="0" branch-rate="1" complexity="1">
              <lines>
                <line number="11" hits="0" branch="false" />
              </lines>
            </method>
          </methods>
          <lines>
            <line number="11" hits="0" branch="false" />
            <line number="17" hits="0" branch="false" />
            <line number="18" hits="0" branch="false" />
            <line number="19" hits="0" branch="false" />
            <line number="20" hits="0" branch="false" />
            <line number="21" hits="0" branch="false" />
            <line number="22" hits="0" branch="false" />
            <line number="24" hits="0" branch="false" />
            <line number="25" hits="0" branch="true" condition-coverage="0% (0/2)" />
            <line number="26" hits="0" branch="false" />
            <line number="27" hits="0" branch="true" condition-coverage="0% (0/2)" />
            <line number="28" hits="0" branch="true" condition-coverage="0% (0/2)" />
            <line number="30" hits="0" branch="false" />
            <line number="31" hits="0" branch="false" />
            <line number="35" hits="0" branch="false" />
            <line number="36" hits="0" branch="false" />
            <line number="37" hits="0" branch="false" />
            <line number="38" hits="0" branch="false" />
            <line number="39" hits="0" branch="false" />
            <line number="41" hits="0" branch="false" />
            <line number="42" hits="0" branch="true" condition-coverage="0% (0/2)" />
            <line number="43" hits="0" branch="false" />
            <line number="45" hits="0" branch="false" />
            <line number="46" hits="0" branch="false" />
            <line number="50" hits="0" branch="false" />
            <line number="51" hits="0" branch="false" />
            <line number="52" hits="0" branch="false" />
            <line number="53" hits="0" branch="false" />
            <line number="54" hits="0" branch="false" />
            <line number="56" hits="0" branch="false" />
            <line number="57" hits="0" branch="true" condition-coverage="0% (0/2)" />
            <line number="58" hits="0" branch="false" />
            <line number="62" hits="0" branch="false" />
            <line number="63" hits="0" branch="false" />
            <line number="64" hits="0" branch="false" />
            <line number="65" hits="0" branch="false" />
            <line number="66" hits="0" branch="false" />
            <line number="67" hits="0" branch="false" />
            <line number="68" hits="0" branch="false" />
            <line number="69" hits="0" branch="false" />
            <line number="70" hits="0" branch="false" />
            <line number="71" hits="0" branch="false" />
            <line number="72" hits="0" branch="false" />
            <line number="73" hits="0" branch="false" />
            <line number="75" hits="0" branch="false" />
            <line number="76" hits="0" branch="false" />
            <line number="77" hits="0" branch="true" condition-coverage="0% (0/2)" />
            <line number="78" hits="0" branch="false" />
            <line number="79" hits="0" branch="true" condition-coverage="0% (0/2)" />
            <line number="80" hits="0" branch="true" condition-coverage="0% (0/2)" />
            <line number="82" hits="0" branch="false" />
            <line number="83" hits="0" branch="false" />
            <line number="87" hits="0" branch="false" />
            <line number="88" hits="0" branch="false" />
            <line number="89" hits="0" branch="false" />
            <line number="90" hits="0" branch="false" />
            <line number="91" hits="0" branch="false" />
            <line number="92" hits="0" branch="false" />
            <line number="93" hits="0" branch="false" />
            <line number="97" hits="0" branch="true" condition-coverage="0% (0/6)" />
            <line number="98" hits="0" branch="false" />
            <line number="99" hits="0" branch="false" />
            <line number="100" hits="0" branch="false" />
            <line number="101" hits="0" branch="false" />
            <line number="102" hits="0" branch="false" />
            <line number="103" hits="0" branch="false" />
            <line number="104" hits="0" branch="false" />
            <line number="105" hits="0" branch="false" />
            <line number="106" hits="0" branch="false" />
            <line number="107" hits="0" branch="false" />
          </lines>
        </class>
        <class name="LOCKnet.Data.Repositories.MasterKeyRepository" filename="/home/runner/work/LOCKnet/LOCKnet/src/LOCKnet.Data/Repositories/MasterKeyRepository.cs" line-rate="0" branch-rate="0" complexity="7">
          <methods>
            <method name="Create" signature="(LOCKnet.Core.DataAbstractions.MasterKeyRecord)" line-rate="0" branch-rate="0" complexity="2">
              <lines>
                <line number="19" hits="0" branch="false" />
                <line number="20" hits="0" branch="true" condition-coverage="0% (0/2)" />
                <line number="21" hits="0" branch="false" />
                <line number="23" hits="0" branch="false" />
                <line number="24" hits="0" branch="false" />
                <line number="25" hits="0" branch="false" />
                <line number="26" hits="0" branch="false" />
                <line number="27" hits="0" branch="false" />
                <line number="28" hits="0" branch="false" />
                <line number="29" hits="0" branch="false" />
                <line number="30" hits="0" branch="false" />
                <line number="31" hits="0" branch="false" />
              </lines>
            </method>
            <method name="Get" signature="()" line-rate="0" branch-rate="0" complexity="2">
              <lines>
                <line number="35" hits="0" branch="false" />
                <line number="36" hits="0" branch="false" />
                <line number="37" hits="0" branch="false" />
                <line number="38" hits="0" branch="false" />
                <line number="40" hits="0" branch="false" />
                <line number="41" hits="0" branch="true" condition-coverage="0% (0/2)" />
                <line number="42" hits="0" branch="false" />
                <line number="44" hits="0" branch="false" />
                <line number="45" hits="0" branch="false" />
                <line number="46" hits="0" branch="false" />
                <line number="47" hits="0" branch="false" />
                <line number="48" hits="0" branch="false" />
                <line number="49" hits="0" branch="false" />
                <line number="50" hits="0" branch="false" />
                <line number="51" hits="0" branch="false" />
              </lines>
            </method>
            <method name="Update" signature="(LOCKnet.Core.DataAbstractions.MasterKeyRecord)" line-rate="0" branch-rate="1" complexity="1">
              <lines>
                <line number="55" hits="0" branch="false" />
                <line number="56" hits="0" branch="false" />
                <line number="57" hits="0" branch="false" />
                <line number="58" hits="0" branch="false" />
                <line number="59" hits="0" branch="false" />
                <line number="60" hits="0" branch="false" />
                <line number="61" hits="0" branch="false" />
                <line number="62" hits="0" branch="false" />
                <line number="63" hits="0" branch="false" />
                <line number="64" hits="0" branch="false" />
                <line number="65" hits="0" branch="false" />
                <line number="66" hits="0" branch="false" />
                <line number="67" hits="0" branch="false" />
              </lines>
            </method>
            <method name="Delete" signature="()" line-rate="0" branch-rate="1" complexity="1">
              <lines>
                <line number="71" hits="0" branch="false" />
                <line number="72" hits="0" branch="false" />
                <line number="73" hits="0" branch="false" />
                <line number="74" hits="0" branch="false" />
                <line number="75" hits="0" branch="false" />
                <line number="76" hits="0" branch="false" />
              </lines>
            </method>
            <method name=".ctor" signature="(System.String)" line-rate="0" branch-rate="1" complexity="1">
              <lines>
                <line number="12" hits="0" branch="false" />
              </lines>
            </method>
          </methods>
          <lines>
            <line number="12" hits="0" branch="false" />
            <line number="19" hits="0" branch="false" />
            <line number="20" hits="0" branch="true" condition-coverage="0% (0/2)" />
            <line number="21" hits="0" branch="false" />
            <line number="23" hits="0" branch="false" />
            <line number="24" hits="0" branch="false" />
            <line number="25" hits="0" branch="false" />
            <line number="26" hits="0" branch="false" />
            <line number="27" hits="0" branch="false" />
            <line number="28" hits="0" branch="false" />
            <line number="29" hits="0" branch="false" />
            <line number="30" hits="0" branch="false" />
            <line number="31" hits="0" branch="false" />
            <line number="35" hits="0" branch="false" />
            <line number="36" hits="0" branch="false" />
            <line number="37" hits="0" branch="false" />
            <line number="38" hits="0" branch="false" />
            <line number="40" hits="0" branch="false" />
            <line number="41" hits="0" branch="true" condition-coverage="0% (0/2)" />
            <line number="42" hits="0" branch="false" />
            <line number="44" hits="0" branch="false" />
            <line number="45" hits="0" branch="false" />
            <line number="46" hits="0" branch="false" />
            <line number="47" hits="0" branch="false" />
            <line number="48" hits="0" branch="false" />
            <line number="49" hits="0" branch="false" />
            <line number="50" hits="0" branch="false" />
            <line number="51" hits="0" branch="false" />
            <line number="55" hits="0" branch="false" />
            <line number="56" hits="0" branch="false" />
            <line number="57" hits="0" branch="false" />
            <line number="58" hits="0" branch="false" />
            <line number="59" hits="0" branch="false" />
            <line number="60" hits="0" branch="false" />
            <line number="61" hits="0" branch="false" />
            <line number="62" hits="0" branch="false" />
            <line number="63" hits="0" branch="false" />
            <line number="64" hits="0" branch="false" />
            <line number="65" hits="0" branch="false" />
            <line number="66" hits="0" branch="false" />
            <line number="67" hits="0" branch="false" />
            <line number="71" hits="0" branch="false" />
            <line number="72" hits="0" branch="false" />
            <line number="73" hits="0" branch="false" />
            <line number="74" hits="0" branch="false" />
            <line number="75" hits="0" branch="false" />
            <line number="76" hits="0" branch="false" />
          </lines>
        </class>
        <class name="LOCKnet.Data.Repositories.RepositoryBase" filename="/home/runner/work/LOCKnet/LOCKnet/src/LOCKnet.Data/Repositories/RepositoryBase.cs" line-rate="0" branch-rate="1" complexity="2">
          <methods>
            <method name="GetConnection" signature="()" line-rate="0" branch-rate="1" complexity="1">
              <lines>
                <line number="15" hits="0" branch="false" />
                <line number="16" hits="0" branch="false" />
                <line number="17" hits="0" branch="false" />
                <line number="18" hits="0" branch="false" />
                <line number="19" hits="0" branch="false" />
              </lines>
            </method>
            <method name=".ctor" signature="(System.String)" line-rate="0" branch-rate="1" complexity="1">
              <lines>
                <line number="9" hits="0" branch="false" />
                <line number="10" hits="0" branch="false" />
                <line number="11" hits="0" branch="false" />
                <line number="12" hits="0" branch="false" />
              </lines>
            </method>
          </methods>
          <lines>
            <line number="9" hits="0" branch="false" />
            <line number="10" hits="0" branch="false" />
            <line number="11" hits="0" branch="false" />
            <line number="12" hits="0" branch="false" />
            <line number="15" hits="0" branch="false" />
            <line number="16" hits="0" branch="false" />
            <line number="17" hits="0" branch="false" />
            <line number="18" hits="0" branch="false" />
            <line number="19" hits="0" branch="false" />
          </lines>
        </class>
        <class name="LOCKnet.Data.Repositories.SettingsRepository" filename="/home/runner/work/LOCKnet/LOCKnet/src/LOCKnet.Data/Repositories/SettingsRepository.cs" line-rate="0" branch-rate="0" complexity="6">
          <methods>
            <method name="Set" signature="(System.String,System.String)" line-rate="0" branch-rate="1" complexity="1">
              <lines>
                <line number="17" hits="0" branch="false" />
                <line number="18" hits="0" branch="false" />
                <line number="19" hits="0" branch="false" />
                <line number="20" hits="0" branch="false" />
                <line number="21" hits="0" branch="false" />
                <line number="22" hits="0" branch="false" />
                <line number="23" hits="0" branch="false" />
                <line number="24" hits="0" branch="false" />
                <line number="25" hits="0" branch="false" />
                <line number="26" hits="0" branch="false" />
              </lines>
            </method>
            <method name="Get" signature="(System.String)" line-rate="0" branch-rate="1" complexity="1">
              <lines>
                <line number="30" hits="0" branch="false" />
                <line number="31" hits="0" branch="false" />
                <line number="32" hits="0" branch="false" />
                <line number="33" hits="0" branch="false" />
                <line number="34" hits="0" branch="false" />
                <line number="35" hits="0" branch="false" />
                <line number="36" hits="0" branch="false" />
              </lines>
            </method>
            <method name="GetAll" signature="()" line-rate="0" branch-rate="0" complexity="2">
              <lines>
                <line number="40" hits="0" branch="false" />
                <line number="41" hits="0" branch="false" />
                <line number="42" hits="0" branch="false" />
                <line number="43" hits="0" branch="false" />
                <line number="44" hits="0" branch="false" />
                <line number="46" hits="0" branch="false" />
                <line number="47" hits="0" branch="true" condition-coverage="0% (0/2)" />
                <line number="48" hits="0" branch="false" />
                <line number="50" hits="0" branch="false" />
                <line number="51" hits="0" branch="false" />
              </lines>
            </method>
            <method name="Remove" signature="(System.String)" line-rate="0" branch-rate="1" complexity="1">
              <lines>
                <line number="55" hits="0" branch="false" />
                <line number="56" hits="0" branch="false" />
                <line number="57" hits="0" branch="false" />
                <line number="58" hits="0" branch="false" />
                <line number="59" hits="0" branch="false" />
                <line number="60" hits="0" branch="false" />
                <line number="61" hits="0" branch="false" />
              </lines>
            </method>
            <method name=".ctor" signature="(System.String)" line-rate="0" branch-rate="1" complexity="1">
              <lines>
                <line number="11" hits="0" branch="false" />
              </lines>
            </method>
          </methods>
          <lines>
            <line number="11" hits="0" branch="false" />
            <line number="17" hits="0" branch="false" />
            <line number="18" hits="0" branch="false" />
            <line number="19" hits="0" branch="false" />
            <line number="20" hits="0" branch="false" />
            <line number="21" hits="0" branch="false" />
            <line number="22" hits="0" branch="false" />
            <line number="23" hits="0" branch="false" />
            <line number="24" hits="0" branch="false" />
            <line number="25" hits="0" branch="false" />
            <line number="26" hits="0" branch="false" />
            <line number="30" hits="0" branch="false" />
            <line number="31" hits="0" branch="false" />
            <line number="32" hits="0" branch="false" />
            <line number="33" hits="0" branch="false" />
            <line number="34" hits="0" branch="false" />
            <line number="35" hits="0" branch="false" />
            <line number="36" hits="0" branch="false" />
            <line number="40" hits="0" branch="false" />
            <line number="41" hits="0" branch="false" />
            <line number="42" hits="0" branch="false" />
            <line number="43" hits="0" branch="false" />
            <line number="44" hits="0" branch="false" />
            <line number="46" hits="0" branch="false" />
            <line number="47" hits="0" branch="true" condition-coverage="0% (0/2)" />
            <line number="48" hits="0" branch="false" />
            <line number="50" hits="0" branch="false" />
            <line number="51" hits="0" branch="false" />
            <line number="55" hits="0" branch="false" />
            <line number="56" hits="0" branch="false" />
            <line number="57" hits="0" branch="false" />
            <line number="58" hits="0" branch="false" />
            <line number="59" hits="0" branch="false" />
            <line number="60" hits="0" branch="false" />
            <line number="61" hits="0" branch="false" />
          </lines>
        </class>
      </classes>
    </package>
  </packages>
</coverage>